This is pdfTeX, Version 3.14159265-2.6-1.40.21 (TeX Live 2020) (preloaded format=pdflatex 2021.2.24)  25 FEB 2021 00:01
entering extended mode
 restricted \write18 enabled.
 file:line:error style messages enabled.
 %&-line parsing enabled.
**Homework1.tex
(./Homework1.tex
LaTeX2e <2020-02-02> patch level 5
L3 programming layer <2020-03-06> (/usr/local/texlive/2020basic/texmf-dist/tex/latex/base/article.cls
Document Class: article 2019/12/20 v1.4l Standard LaTeX document class
(/usr/local/texlive/2020basic/texmf-dist/tex/latex/base/size10.clo
File: size10.clo 2019/12/20 v1.4l Standard LaTeX file (size option)
)
\c@part=\count167
\c@section=\count168
\c@subsection=\count169
\c@subsubsection=\count170
\c@paragraph=\count171
\c@subparagraph=\count172
\c@figure=\count173
\c@table=\count174
\abovecaptionskip=\skip47
\belowcaptionskip=\skip48
\bibindent=\dimen134
) (/usr/local/texlive/2020basic/texmf-dist/tex/latex/base/inputenc.sty
Package: inputenc 2018/08/11 v1.3c Input encoding file
\inpenc@prehook=\toks15
\inpenc@posthook=\toks16
) (/usr/local/texlive/2020basic/texmf-dist/tex/latex/amsmath/amsmath.sty
Package: amsmath 2020/01/20 v2.17e AMS math features
\@mathmargin=\skip49

For additional information on amsmath, use the `?' option.
(/usr/local/texlive/2020basic/texmf-dist/tex/latex/amsmath/amstext.sty
Package: amstext 2000/06/29 v2.01 AMS text
 (/usr/local/texlive/2020basic/texmf-dist/tex/latex/amsmath/amsgen.sty
File: amsgen.sty 1999/11/30 v2.0 generic functions
\@emptytoks=\toks17
\ex@=\dimen135
)) (/usr/local/texlive/2020basic/texmf-dist/tex/latex/amsmath/amsbsy.sty
Package: amsbsy 1999/11/29 v1.2d Bold Symbols
\pmbraise@=\dimen136
) (/usr/local/texlive/2020basic/texmf-dist/tex/latex/amsmath/amsopn.sty
Package: amsopn 2016/03/08 v2.02 operator names
)
\inf@bad=\count175
LaTeX Info: Redefining \frac on input line 227.
\uproot@=\count176
\leftroot@=\count177
LaTeX Info: Redefining \overline on input line 389.
\classnum@=\count178
\DOTSCASE@=\count179
LaTeX Info: Redefining \ldots on input line 486.
LaTeX Info: Redefining \dots on input line 489.
LaTeX Info: Redefining \cdots on input line 610.
\Mathstrutbox@=\box45
\strutbox@=\box46
\big@size=\dimen137
LaTeX Font Info:    Redeclaring font encoding OML on input line 733.
LaTeX Font Info:    Redeclaring font encoding OMS on input line 734.
\macc@depth=\count180
\c@MaxMatrixCols=\count181
\dotsspace@=\muskip16
\c@parentequation=\count182
\dspbrk@lvl=\count183
\tag@help=\toks18
\row@=\count184
\column@=\count185
\maxfields@=\count186
\andhelp@=\toks19
\eqnshift@=\dimen138
\alignsep@=\dimen139
\tagshift@=\dimen140
\tagwidth@=\dimen141
\totwidth@=\dimen142
\lineht@=\dimen143
\@envbody=\toks20
\multlinegap=\skip50
\multlinetaggap=\skip51
\mathdisplay@stack=\toks21
LaTeX Info: Redefining \[ on input line 2859.
LaTeX Info: Redefining \] on input line 2860.
) (/usr/local/texlive/2020basic/texmf-dist/tex/latex/natbib/natbib.sty
Package: natbib 2010/09/13 8.31b (PWD, AO)
\bibhang=\skip52
\bibsep=\skip53
LaTeX Info: Redefining \cite on input line 694.
\c@NAT@ctr=\count187
) (/usr/local/texlive/2020basic/texmf-dist/tex/latex/graphics/graphicx.sty
Package: graphicx 2019/11/30 v1.2a Enhanced LaTeX Graphics (DPC,SPQR)
 (/usr/local/texlive/2020basic/texmf-dist/tex/latex/graphics/keyval.sty
Package: keyval 2014/10/28 v1.15 key=value parser (DPC)
\KV@toks@=\toks22
) (/usr/local/texlive/2020basic/texmf-dist/tex/latex/graphics/graphics.sty
Package: graphics 2019/11/30 v1.4a Standard LaTeX Graphics (DPC,SPQR)
 (/usr/local/texlive/2020basic/texmf-dist/tex/latex/graphics/trig.sty
Package: trig 2016/01/03 v1.10 sin cos tan (DPC)
) (/usr/local/texlive/2020basic/texmf-dist/tex/latex/graphics-cfg/graphics.cfg
File: graphics.cfg 2016/06/04 v1.11 sample graphics configuration
)
Package graphics Info: Driver file: pdftex.def on input line 105.
 (/usr/local/texlive/2020basic/texmf-dist/tex/latex/graphics-def/pdftex.def
File: pdftex.def 2018/01/08 v1.0l Graphics/color driver for pdftex
))
\Gin@req@height=\dimen144
\Gin@req@width=\dimen145
) (/usr/local/texlive/2020basic/texmf-dist/tex/generic/babel/babel.sty
Package: babel 2020/03/22 3.42 The Babel package
 (/usr/local/texlive/2020basic/texmf-dist/tex/generic/babel/switch.def
File: switch.def 2020/03/22 3.42 Babel switching mechanism
) (/usr/local/texlive/2020basic/texmf-dist/tex/generic/babel-english/english.ldf
Language: english 2017/06/06 v3.3r English support from the babel system
 (/usr/local/texlive/2020basic/texmf-dist/tex/generic/babel/babel.def
File: babel.def 2020/03/22 3.42 Babel common definitions
\babel@savecnt=\count188
\U@D=\dimen146
 (/usr/local/texlive/2020basic/texmf-dist/tex/generic/babel/txtbabel.def)
\bbl@readstream=\read2
\bbl@dirlevel=\count189
)
Package babel Info: \l@canadian = using hyphenrules for english
(babel)             (\language0) on input line 102.
Package babel Info: \l@australian = using hyphenrules for ukenglish
(babel)             (\language10) on input line 105.
Package babel Info: \l@newzealand = using hyphenrules for ukenglish
(babel)             (\language10) on input line 108.
) (/usr/local/texlive/2020basic/texmf-dist/tex/generic/babel-russian/russianb.ldf
File: russianb.ldf 2021/01/10 1.3m Russian support for the Babel system
Language: russian 2020/09/09 1.3k Russian support for the Babel system


Package babel Warning: No Cyrillic font encoding has been loaded so far.
(babel)                A font encoding should be declared before babel.
(babel)                Default `T2A' encoding will be loaded  on input line 78.

(/usr/local/texlive/2020basic/texmf-dist/tex/latex/cyrillic/t2aenc.def
File: t2aenc.def 2005/09/27 v1.0i Cyrillic encoding definition file
Now handling font encoding T2A ...
... processing UTF-8 mapping file for font encoding T2A
 (/usr/local/texlive/2020basic/texmf-dist/tex/latex/base/t2aenc.dfu
File: t2aenc.dfu 2019/11/14 v1.2k UTF-8 support for inputenc
   defining Unicode char U+00A4 (decimal 164)
   defining Unicode char U+00A7 (decimal 167)
   defining Unicode char U+00AB (decimal 171)
   defining Unicode char U+00BB (decimal 187)
   defining Unicode char U+0131 (decimal 305)
   defining Unicode char U+0237 (decimal 567)
   defining Unicode char U+0400 (decimal 1024)
   defining Unicode char U+0401 (decimal 1025)
   defining Unicode char U+0402 (decimal 1026)
   defining Unicode char U+0403 (decimal 1027)
   defining Unicode char U+0404 (decimal 1028)
   defining Unicode char U+0405 (decimal 1029)
   defining Unicode char U+0406 (decimal 1030)
   defining Unicode char U+0407 (decimal 1031)
   defining Unicode char U+0408 (decimal 1032)
   defining Unicode char U+0409 (decimal 1033)
   defining Unicode char U+040A (decimal 1034)
   defining Unicode char U+040B (decimal 1035)
   defining Unicode char U+040C (decimal 1036)
   defining Unicode char U+040D (decimal 1037)
   defining Unicode char U+040E (decimal 1038)
   defining Unicode char U+040F (decimal 1039)
   defining Unicode char U+0410 (decimal 1040)
   defining Unicode char U+0411 (decimal 1041)
   defining Unicode char U+0412 (decimal 1042)
   defining Unicode char U+0413 (decimal 1043)
   defining Unicode char U+0414 (decimal 1044)
   defining Unicode char U+0415 (decimal 1045)
   defining Unicode char U+0416 (decimal 1046)
   defining Unicode char U+0417 (decimal 1047)
   defining Unicode char U+0418 (decimal 1048)
   defining Unicode char U+0419 (decimal 1049)
   defining Unicode char U+041A (decimal 1050)
   defining Unicode char U+041B (decimal 1051)
   defining Unicode char U+041C (decimal 1052)
   defining Unicode char U+041D (decimal 1053)
   defining Unicode char U+041E (decimal 1054)
   defining Unicode char U+041F (decimal 1055)
   defining Unicode char U+0420 (decimal 1056)
   defining Unicode char U+0421 (decimal 1057)
   defining Unicode char U+0422 (decimal 1058)
   defining Unicode char U+0423 (decimal 1059)
   defining Unicode char U+0424 (decimal 1060)
   defining Unicode char U+0425 (decimal 1061)
   defining Unicode char U+0426 (decimal 1062)
   defining Unicode char U+0427 (decimal 1063)
   defining Unicode char U+0428 (decimal 1064)
   defining Unicode char U+0429 (decimal 1065)
   defining Unicode char U+042A (decimal 1066)
   defining Unicode char U+042B (decimal 1067)
   defining Unicode char U+042C (decimal 1068)
   defining Unicode char U+042D (decimal 1069)
   defining Unicode char U+042E (decimal 1070)
   defining Unicode char U+042F (decimal 1071)
   defining Unicode char U+0430 (decimal 1072)
   defining Unicode char U+0431 (decimal 1073)
   defining Unicode char U+0432 (decimal 1074)
   defining Unicode char U+0433 (decimal 1075)
   defining Unicode char U+0434 (decimal 1076)
   defining Unicode char U+0435 (decimal 1077)
   defining Unicode char U+0436 (decimal 1078)
   defining Unicode char U+0437 (decimal 1079)
   defining Unicode char U+0438 (decimal 1080)
   defining Unicode char U+0439 (decimal 1081)
   defining Unicode char U+043A (decimal 1082)
   defining Unicode char U+043B (decimal 1083)
   defining Unicode char U+043C (decimal 1084)
   defining Unicode char U+043D (decimal 1085)
   defining Unicode char U+043E (decimal 1086)
   defining Unicode char U+043F (decimal 1087)
   defining Unicode char U+0440 (decimal 1088)
   defining Unicode char U+0441 (decimal 1089)
   defining Unicode char U+0442 (decimal 1090)
   defining Unicode char U+0443 (decimal 1091)
   defining Unicode char U+0444 (decimal 1092)
   defining Unicode char U+0445 (decimal 1093)
   defining Unicode char U+0446 (decimal 1094)
   defining Unicode char U+0447 (decimal 1095)
   defining Unicode char U+0448 (decimal 1096)
   defining Unicode char U+0449 (decimal 1097)
   defining Unicode char U+044A (decimal 1098)
   defining Unicode char U+044B (decimal 1099)
   defining Unicode char U+044C (decimal 1100)
   defining Unicode char U+044D (decimal 1101)
   defining Unicode char U+044E (decimal 1102)
   defining Unicode char U+044F (decimal 1103)
   defining Unicode char U+0450 (decimal 1104)
   defining Unicode char U+0451 (decimal 1105)
   defining Unicode char U+0452 (decimal 1106)
   defining Unicode char U+0453 (decimal 1107)
   defining Unicode char U+0454 (decimal 1108)
   defining Unicode char U+0455 (decimal 1109)
   defining Unicode char U+0456 (decimal 1110)
   defining Unicode char U+0457 (decimal 1111)
   defining Unicode char U+0458 (decimal 1112)
   defining Unicode char U+0459 (decimal 1113)
   defining Unicode char U+045A (decimal 1114)
   defining Unicode char U+045B (decimal 1115)
   defining Unicode char U+045C (decimal 1116)
   defining Unicode char U+045D (decimal 1117)
   defining Unicode char U+045E (decimal 1118)
   defining Unicode char U+045F (decimal 1119)
   defining Unicode char U+0490 (decimal 1168)
   defining Unicode char U+0491 (decimal 1169)
   defining Unicode char U+0492 (decimal 1170)
   defining Unicode char U+0493 (decimal 1171)
   defining Unicode char U+0496 (decimal 1174)
   defining Unicode char U+0497 (decimal 1175)
   defining Unicode char U+0498 (decimal 1176)
   defining Unicode char U+0499 (decimal 1177)
   defining Unicode char U+049A (decimal 1178)
   defining Unicode char U+049B (decimal 1179)
   defining Unicode char U+049C (decimal 1180)
   defining Unicode char U+049D (decimal 1181)
   defining Unicode char U+04A0 (decimal 1184)
   defining Unicode char U+04A1 (decimal 1185)
   defining Unicode char U+04A2 (decimal 1186)
   defining Unicode char U+04A3 (decimal 1187)
   defining Unicode char U+04A4 (decimal 1188)
   defining Unicode char U+04A5 (decimal 1189)
   defining Unicode char U+04AA (decimal 1194)
   defining Unicode char U+04AB (decimal 1195)
   defining Unicode char U+04AE (decimal 1198)
   defining Unicode char U+04AF (decimal 1199)
   defining Unicode char U+04B0 (decimal 1200)
   defining Unicode char U+04B1 (decimal 1201)
   defining Unicode char U+04B2 (decimal 1202)
   defining Unicode char U+04B3 (decimal 1203)
   defining Unicode char U+04B6 (decimal 1206)
   defining Unicode char U+04B7 (decimal 1207)
   defining Unicode char U+04B8 (decimal 1208)
   defining Unicode char U+04B9 (decimal 1209)
   defining Unicode char U+04BA (decimal 1210)
   defining Unicode char U+04BB (decimal 1211)
   defining Unicode char U+04C0 (decimal 1216)
   defining Unicode char U+04C1 (decimal 1217)
   defining Unicode char U+04C2 (decimal 1218)
   defining Unicode char U+04D0 (decimal 1232)
   defining Unicode char U+04D1 (decimal 1233)
   defining Unicode char U+04D2 (decimal 1234)
   defining Unicode char U+04D3 (decimal 1235)
   defining Unicode char U+04D4 (decimal 1236)
   defining Unicode char U+04D5 (decimal 1237)
   defining Unicode char U+04D6 (decimal 1238)
   defining Unicode char U+04D7 (decimal 1239)
   defining Unicode char U+04D8 (decimal 1240)
   defining Unicode char U+04D9 (decimal 1241)
   defining Unicode char U+04DA (decimal 1242)
   defining Unicode char U+04DB (decimal 1243)
   defining Unicode char U+04DC (decimal 1244)
   defining Unicode char U+04DD (decimal 1245)
   defining Unicode char U+04DE (decimal 1246)
   defining Unicode char U+04DF (decimal 1247)
   defining Unicode char U+04E2 (decimal 1250)
   defining Unicode char U+04E3 (decimal 1251)
   defining Unicode char U+04E4 (decimal 1252)
   defining Unicode char U+04E5 (decimal 1253)
   defining Unicode char U+04E6 (decimal 1254)
   defining Unicode char U+04E7 (decimal 1255)
   defining Unicode char U+04E8 (decimal 1256)
   defining Unicode char U+04E9 (decimal 1257)
   defining Unicode char U+04EC (decimal 1260)
   defining Unicode char U+04ED (decimal 1261)
   defining Unicode char U+04EE (decimal 1262)
   defining Unicode char U+04EF (decimal 1263)
   defining Unicode char U+04F0 (decimal 1264)
   defining Unicode char U+04F1 (decimal 1265)
   defining Unicode char U+04F2 (decimal 1266)
   defining Unicode char U+04F3 (decimal 1267)
   defining Unicode char U+04F4 (decimal 1268)
   defining Unicode char U+04F5 (decimal 1269)
   defining Unicode char U+04F8 (decimal 1272)
   defining Unicode char U+04F9 (decimal 1273)
   defining Unicode char U+200C (decimal 8204)
   defining Unicode char U+2013 (decimal 8211)
   defining Unicode char U+2014 (decimal 8212)
   defining Unicode char U+2018 (decimal 8216)
   defining Unicode char U+2019 (decimal 8217)
   defining Unicode char U+201C (decimal 8220)
   defining Unicode char U+201D (decimal 8221)
   defining Unicode char U+201E (decimal 8222)
   defining Unicode char U+2030 (decimal 8240)
   defining Unicode char U+2031 (decimal 8241)
   defining Unicode char U+2116 (decimal 8470)
   defining Unicode char U+2329 (decimal 9001)
   defining Unicode char U+232A (decimal 9002)
   defining Unicode char U+2423 (decimal 9251)
   defining Unicode char U+27E8 (decimal 10216)
   defining Unicode char U+27E9 (decimal 10217)
   defining Unicode char U+FB00 (decimal 64256)
   defining Unicode char U+FB01 (decimal 64257)
   defining Unicode char U+FB02 (decimal 64258)
   defining Unicode char U+FB03 (decimal 64259)
   defining Unicode char U+FB04 (decimal 64260)
   defining Unicode char U+FB05 (decimal 64261)
   defining Unicode char U+FB06 (decimal 64262)
))
Package babel Info: Making " an active character on input line 124.
Package babel Info: Default for \cyrdash is provided on input line 163.
)) (/usr/local/texlive/2020basic/texmf-dist/tex/latex/cmap/cmap.sty
Package: cmap 2008/03/06 v1.0h CMap support: searchable PDF
) (/usr/local/texlive/2020basic/texmf-dist/tex/latex/l3backend/l3backend-pdfmode.def
File: l3backend-pdfmode.def 2020-03-12 L3 backend support: PDF mode
\l__kernel_color_stack_int=\count190
\l__pdf_internal_box=\box47
) (./Homework1.aux
LaTeX Font Info:    Trying to load font information for T2A+cmr on input line 4.
 (/usr/local/texlive/2020basic/texmf-dist/tex/latex/cyrillic/t2acmr.fd
File: t2acmr.fd 2001/08/11 v1.0a Computer Modern Cyrillic font definitions
)<<t2a.cmap>>

LaTeX Warning: Label `fig:image' multiply defined.


LaTeX Warning: Label `fig:image' multiply defined.


LaTeX Warning: Label `fig:image' multiply defined.


LaTeX Warning: Label `fig:image' multiply defined.

)
\openout1 = `Homework1.aux'.

LaTeX Font Info:    Checking defaults for OML/cmm/m/it on input line 10.
LaTeX Font Info:    ... okay on input line 10.
LaTeX Font Info:    Checking defaults for OMS/cmsy/m/n on input line 10.
LaTeX Font Info:    ... okay on input line 10.
LaTeX Font Info:    Checking defaults for OT1/cmr/m/n on input line 10.
LaTeX Font Info:    ... okay on input line 10.
LaTeX Font Info:    Checking defaults for T1/cmr/m/n on input line 10.
LaTeX Font Info:    ... okay on input line 10.
LaTeX Font Info:    Checking defaults for TS1/cmr/m/n on input line 10.
LaTeX Font Info:    ... okay on input line 10.
LaTeX Font Info:    Checking defaults for OMX/cmex/m/n on input line 10.
LaTeX Font Info:    ... okay on input line 10.
LaTeX Font Info:    Checking defaults for U/cmr/m/n on input line 10.
LaTeX Font Info:    ... okay on input line 10.
LaTeX Font Info:    Checking defaults for T2A/cmr/m/n on input line 10.
LaTeX Font Info:    ... okay on input line 10.
 (/usr/local/texlive/2020basic/texmf-dist/tex/context/base/mkii/supp-pdf.mkii
[Loading MPS to PDF converter (version 2006.09.02).]
\scratchcounter=\count191
\scratchdimen=\dimen147
\scratchbox=\box48
\nofMPsegments=\count192
\nofMParguments=\count193
\everyMPshowfont=\toks23
\MPscratchCnt=\count194
\MPscratchDim=\dimen148
\MPnumerator=\count195
\makeMPintoPDFobject=\count196
\everyMPtoPDFconversion=\toks24
) (/usr/local/texlive/2020basic/texmf-dist/tex/latex/epstopdf-pkg/epstopdf-base.sty
Package: epstopdf-base 2020-01-24 v2.11 Base part for package epstopdf
Package epstopdf-base Info: Redefining graphics rule for `.eps' on input line 485.
 (/usr/local/texlive/2020basic/texmf-dist/tex/latex/latexconfig/epstopdf-sys.cfg
File: epstopdf-sys.cfg 2010/07/13 v1.3 Configuration of (r)epstopdf for TeX Live
))
LaTeX Info: Redefining \th on input line 10.
<<ot1.cmap>>
Overfull \hbox (55.35416pt too wide) in paragraph at lines 21--24
\T2A/cmr/m/n/10 возь-мем 5 ге-не-ра-то-ров и по-лим вы-бор-ку раз-мер-но-сти 5, то есть $\OML/cmm/m/it/10 X \OT1/cmr/m/n/10 = (\OML/cmm/m/it/10 X[]; X[]; X[]; X[]; X[]\OT1/cmr/m/n/10 )$\T2A/cmr/m/n/10 ,
 []

<./Task1/Task_1__all_100.png, id=3, 433.62pt x 289.08pt>
File: ./Task1/Task_1__all_100.png Graphic file (type png)
<use ./Task1/Task_1__all_100.png>
Package pdftex.def Info: ./Task1/Task_1__all_100.png  used on input line 35.
(pdftex.def)             Requested size: 169.11111pt x 112.74074pt.
<./Task1/Task_1_Binom100.png, id=5, 433.62pt x 289.08pt>
File: ./Task1/Task_1_Binom100.png Graphic file (type png)
<use ./Task1/Task_1_Binom100.png>
Package pdftex.def Info: ./Task1/Task_1_Binom100.png  used on input line 36.
(pdftex.def)             Requested size: 169.11111pt x 112.74074pt.
<./Task1/Task_1__all_100000.png, id=6, 433.62pt x 289.08pt>
File: ./Task1/Task_1__all_100000.png Graphic file (type png)
<use ./Task1/Task_1__all_100000.png>
Package pdftex.def Info: ./Task1/Task_1__all_100000.png  used on input line 37.
(pdftex.def)             Requested size: 169.11111pt x 112.74074pt.
<./Task1/Task_1_Binom100000.png, id=7, 433.62pt x 289.08pt>
File: ./Task1/Task_1_Binom100000.png Graphic file (type png)
<use ./Task1/Task_1_Binom100000.png>
Package pdftex.def Info: ./Task1/Task_1_Binom100000.png  used on input line 38.
(pdftex.def)             Requested size: 169.11111pt x 112.74074pt.
[1

{/usr/local/texlive/2020basic/texmf-var/fonts/map/pdftex/updmap/pdftex.map} <./Task1/Task_1__all_100.png> <./Task1/Task_1_Binom100.png> <./Task1/Task_1__all_100000.png> <./Task1/Task_1_Binom100000.png>]
Overfull \hbox (35.9192pt too wide) in paragraph at lines 56--57
[]\T2A/cmr/m/n/10 ƒисперси€ смо-де-ли-ро-ван-ной вы-бор-ки: $\OT1/cmr/m/n/10 1\OML/cmm/m/it/10 :\OT1/cmr/m/n/10 38$\T2A/cmr/m/n/10 , тео-ре-ти-че-ское: $\OT1/cmr/m/n/10 1\OML/cmm/m/it/10 :\OT1/cmr/m/n/10 1095999999999995$ 
 []


Overfull \hbox (12.96925pt too wide) in paragraph at lines 69--71
\T2A/cmr/m/n/10 ге-не-ра-тор рав-но-мер-но-го рас-пре-де-ле-ние рас-смот-рим функ-цию, об-рат-ную функ-
 []

[2]
<./Task2/Task_2__all_100.png, id=32, 433.62pt x 289.08pt>
File: ./Task2/Task_2__all_100.png Graphic file (type png)
<use ./Task2/Task_2__all_100.png>
Package pdftex.def Info: ./Task2/Task_2__all_100.png  used on input line 91.
(pdftex.def)             Requested size: 169.11111pt x 112.74074pt.
<./Task2/Task_2_Cauchy100.png, id=33, 433.62pt x 289.08pt>
File: ./Task2/Task_2_Cauchy100.png Graphic file (type png)
<use ./Task2/Task_2_Cauchy100.png>
Package pdftex.def Info: ./Task2/Task_2_Cauchy100.png  used on input line 92.
(pdftex.def)             Requested size: 169.11111pt x 112.74074pt.
<./Task2/Task_2__all_100000.png, id=34, 433.62pt x 289.08pt>
File: ./Task2/Task_2__all_100000.png Graphic file (type png)
<use ./Task2/Task_2__all_100000.png>
Package pdftex.def Info: ./Task2/Task_2__all_100000.png  used on input line 93.
(pdftex.def)             Requested size: 169.11111pt x 112.74074pt.
<./Task2/Task_2_Cauchy100000.png, id=35, 433.62pt x 289.08pt>
File: ./Task2/Task_2_Cauchy100000.png Graphic file (type png)
<use ./Task2/Task_2_Cauchy100000.png>
Package pdftex.def Info: ./Task2/Task_2_Cauchy100000.png  used on input line 94.
(pdftex.def)             Requested size: 169.11111pt x 112.74074pt.
<./Task2/Task_2_Density100.png, id=36, 433.62pt x 289.08pt>
File: ./Task2/Task_2_Density100.png Graphic file (type png)
<use ./Task2/Task_2_Density100.png>
Package pdftex.def Info: ./Task2/Task_2_Density100.png  used on input line 117.
(pdftex.def)             Requested size: 216.80946pt x 144.53964pt.
<./Task2/Task_2_Density100000.png, id=37, 433.62pt x 289.08pt>
File: ./Task2/Task_2_Density100000.png Graphic file (type png)
<use ./Task2/Task_2_Density100000.png>
Package pdftex.def Info: ./Task2/Task_2_Density100000.png  used on input line 118.
(pdftex.def)             Requested size: 216.80946pt x 144.53964pt.


LaTeX Warning: `h' float specifier changed to `ht'.

[3 <./Task2/Task_2__all_100.png> <./Task2/Task_2_Cauchy100.png> <./Task2/Task_2__all_100000.png> <./Task2/Task_2_Cauchy100000.png>]
Overfull \hbox (14.08844pt too wide) in paragraph at lines 131--132
[]\T2A/cmr/m/n/10 ƒл€ вы-бор-ки дли-ны 100000 вы-бо-роч-на€ ме-ди-а-на: -0.0005758960784728971;
 []

[4 <./Task2/Task_2_Density100.png> <./Task2/Task_2_Density100000.png>]

./Homework1.tex:154: LaTeX Error: Environment equsation* undefined.

See the LaTeX manual or LaTeX Companion for explanation.
Type  H <return>  for immediate help.
 ...                                              
                                                  
l.154 \begin{equsation*}
                        
Your command was ignored.
Type  I <command> <return>  to replace it with another command,
or  <return>  to continue without it.

./Homework1.tex:156: Missing $ inserted.
<inserted text> 
                $
l.156     \begin{cases}
                       
I've inserted a begin-math/end-math symbol since I think
you left one out. Proceed, with fingers crossed.

./Homework1.tex:164: Missing $ inserted.
<inserted text> 
                $
l.164     \end{cases}
                     
I've inserted something that you may have forgotten.
(See the <inserted text> above.)
With luck, this will get me unwedged. But if you
really didn't forget anything, try typing `2' now; then
my insertion and my current dilemma will both disappear.


./Homework1.tex:165: LaTeX Error: Bad math environment delimiter.

See the LaTeX manual or LaTeX Companion for explanation.
Type  H <return>  for immediate help.
 ...                                              
                                                  
l.165 \end{equation*}
                     
Your command was ignored.
Type  I <command> <return>  to replace it with another command,
or  <return>  to continue without it.


./Homework1.tex:165: LaTeX Error: \begin{document} ended by \end{equation*}.

See the LaTeX manual or LaTeX Companion for explanation.
Type  H <return>  for immediate help.
 ...                                              
                                                  
l.165 \end{equation*}
                     
Your command was ignored.
Type  I <command> <return>  to replace it with another command,
or  <return>  to continue without it.

./Homework1.tex:165: Missing $ inserted.
<inserted text> 
                $
l.165 \end{equation*}
                     
I've inserted something that you may have forgotten.
(See the <inserted text> above.)
With luck, this will get me unwedged. But if you
really didn't forget anything, try typing `2' now; then
my insertion and my current dilemma will both disappear.

./Homework1.tex:165: Display math should end with $$.
<to be read again> 
                   \endgroup 
l.165 \end{equation*}
                     
The `$' that I just saw supposedly matches a previous `$$'.
So I shall assume that you typed `$$' both times.

[5]
<./Task3/Task_3__all_100.png, id=56, 433.62pt x 289.08pt>
File: ./Task3/Task_3__all_100.png Graphic file (type png)
<use ./Task3/Task_3__all_100.png>
Package pdftex.def Info: ./Task3/Task_3__all_100.png  used on input line 205.
(pdftex.def)             Requested size: 169.11111pt x 112.74074pt.
<./Task3/Task_3__distrib_100.png, id=57, 433.62pt x 289.08pt>
File: ./Task3/Task_3__distrib_100.png Graphic file (type png)
<use ./Task3/Task_3__distrib_100.png>
Package pdftex.def Info: ./Task3/Task_3__distrib_100.png  used on input line 206.
(pdftex.def)             Requested size: 169.11111pt x 112.74074pt.
<./Task3/Task_3__all_100000.png, id=58, 433.62pt x 289.08pt>
File: ./Task3/Task_3__all_100000.png Graphic file (type png)
<use ./Task3/Task_3__all_100000.png>
Package pdftex.def Info: ./Task3/Task_3__all_100000.png  used on input line 207.
(pdftex.def)             Requested size: 169.11111pt x 112.74074pt.
<./Task3/Task_3__distrib_100000.png, id=59, 433.62pt x 289.08pt>
File: ./Task3/Task_3__distrib_100000.png Graphic file (type png)
<use ./Task3/Task_3__distrib_100000.png>
Package pdftex.def Info: ./Task3/Task_3__distrib_100000.png  used on input line 208.
(pdftex.def)             Requested size: 169.11111pt x 112.74074pt.

Overfull \hbox (8.39539pt too wide) in paragraph at lines 217--219
[]\T2A/cmr/m/n/10 ƒл€ вы-бор-ки дли-ны 100000 вы-бо-роч-ное сред-нее со-ста-ви-ло: 0.4633432522;
 []

[6 <./Task3/Task_3__all_100.png> <./Task3/Task_3__distrib_100.png> <./Task3/Task_3__all_100000.png> <./Task3/Task_3__distrib_100000.png>]
Overfull \hbox (41.44287pt too wide) in paragraph at lines 219--221
[]\T2A/cmr/m/n/10 ƒл€ вы-бор-ки дли-ны 100 вы-бо-роч-на€ дис-пер-си€ со-ста-ви-ла: 0.07501495999999996;
 []


Overfull \hbox (51.44043pt too wide) in paragraph at lines 221--223
[]\T2A/cmr/m/n/10 ƒл€ вы-бор-ки дли-ны 100000 вы-бо-роч-на€ дис-пер-си€ со-ста-ви-ла: 0.0766235435949392;
 []

<./Task3/Task_3__density1_100.png, id=67, 433.62pt x 289.08pt>
File: ./Task3/Task_3__density1_100.png Graphic file (type png)
<use ./Task3/Task_3__density1_100.png>
Package pdftex.def Info: ./Task3/Task_3__density1_100.png  used on input line 236.
(pdftex.def)             Requested size: 169.11111pt x 112.74074pt.
<./Task3/Task_3__density2_100.png, id=68, 433.62pt x 289.08pt>
File: ./Task3/Task_3__density2_100.png Graphic file (type png)
<use ./Task3/Task_3__density2_100.png>
Package pdftex.def Info: ./Task3/Task_3__density2_100.png  used on input line 237.
(pdftex.def)             Requested size: 169.11111pt x 112.74074pt.
<./Task3/Task_3__density1_100000.png, id=69, 433.62pt x 289.08pt>
File: ./Task3/Task_3__density1_100000.png Graphic file (type png)
<use ./Task3/Task_3__density1_100000.png>
Package pdftex.def Info: ./Task3/Task_3__density1_100000.png  used on input line 238.
(pdftex.def)             Requested size: 169.11111pt x 112.74074pt.
<./Task3/Task_3__density2_100000.png, id=70, 433.62pt x 289.08pt>
File: ./Task3/Task_3__density2_100000.png Graphic file (type png)
<use ./Task3/Task_3__density2_100000.png>
Package pdftex.def Info: ./Task3/Task_3__density2_100000.png  used on input line 239.
(pdftex.def)             Requested size: 169.11111pt x 112.74074pt.
[7 <./Task3/Task_3__density1_100.png> <./Task3/Task_3__density2_100.png> <./Task3/Task_3__density1_100000.png> <./Task3/Task_3__density2_100000.png>] (./Homework1.aux)

LaTeX Warning: There were multiply-defined labels.

 ) 
Here is how much of TeX's memory you used:
 3547 strings out of 481536
 48130 string characters out of 5928782
 298879 words of memory out of 5000000
 19182 multiletter control sequences out of 15000+600000
 539597 words of font info for 35 fonts, out of 8000000 for 9000
 735 hyphenation exceptions out of 8191
 30i,13n,27p,823b,256s stack positions out of 5000i,500n,10000p,200000b,80000s
 </Users/unk/Library/texlive/2020basic/texmf-var/fonts/pk/ljfour/jknappen/ec/tcrm1000.600pk> </Users/unk/Library/texlive/2020basic/texmf-var/fonts/pk/ljfour/lh/lh-t2a/labx1000.600pk> </Users/unk/Library/texlive/2020basic/texmf-var/fonts/pk/ljfour/lh/lh-t2a/larm1000.600pk> </Users/unk/Library/texlive/2020basic/texmf-var/fonts/pk/ljfour/lh/lh-t2a/labx1200.600pk> </Users/unk/Library/texlive/2020basic/texmf-var/fonts/pk/ljfour/lh/lh-t2a/labx1440.600pk></usr/local/texlive/2020basic/texmf-dist/fonts/type1/public/amsfonts/cm/cmex10.pfb></usr/local/texlive/2020basic/texmf-dist/fonts/type1/public/amsfonts/cm/cmmi10.pfb></usr/local/texlive/2020basic/texmf-dist/fonts/type1/public/amsfonts/cm/cmmi5.pfb></usr/local/texlive/2020basic/texmf-dist/fonts/type1/public/amsfonts/cm/cmmi7.pfb></usr/local/texlive/2020basic/texmf-dist/fonts/type1/public/amsfonts/cm/cmr10.pfb></usr/local/texlive/2020basic/texmf-dist/fonts/type1/public/amsfonts/cm/cmr5.pfb></usr/local/texlive/2020basic/texmf-dist/fonts/type1/public/amsfonts/cm/cmr7.pfb></usr/local/texlive/2020basic/texmf-dist/fonts/type1/public/amsfonts/cm/cmsy10.pfb></usr/local/texlive/2020basic/texmf-dist/fonts/type1/public/amsfonts/cm/cmsy5.pfb></usr/local/texlive/2020basic/texmf-dist/fonts/type1/public/amsfonts/cm/cmsy7.pfb>
Output written on Homework1.pdf (7 pages, 406661 bytes).
PDF statistics:
 227 PDF objects out of 1000 (max. 8388607)
 69 compressed objects within 1 object stream
 0 named destinations out of 1000 (max. 500000)
 99 words of extra memory for PDF output out of 10000 (max. 10000000)

